<?xml version="1.0" encoding="UTF-8"?>
<!-- Generated by org.testng.reporters.JUnitReportReporter -->
<testsuite hostname="NTK2260" failures="0" tests="8" name="Edit.SauceDemo.Asignacion6" time="80.344" errors="0" timestamp="2023-01-15T21:57:02 ART" skipped="0">
  <testcase classname="Edit.SauceDemo.Asignacion6" name="pruebaSauceDemo" time="14.384"/>
  <system-out/>
  <testcase classname="Edit.SauceDemo.Asignacion6" name="pruebaSauceDemo" time="2.896"/>
  <system-out/>
  <testcase classname="Edit.SauceDemo.Asignacion6" name="pruebaSauceDemo" time="10.968"/>
  <system-out/>
  <testcase classname="Edit.SauceDemo.Asignacion6" name="pruebaSauceDemo" time="2.900"/>
  <system-out/>
  <testcase classname="Edit.SauceDemo.Asignacion6" name="pruebaSauceDemo" time="10.693"/>
  <system-out/>
  <testcase classname="Edit.SauceDemo.Asignacion6" name="pruebaSauceDemo" time="3.005"/>
  <system-out/>
  <testcase classname="Edit.SauceDemo.Asignacion6" name="pruebaSauceDemo" time="24.765"/>
  <system-out/>
  <testcase classname="Edit.SauceDemo.Asignacion6" name="pruebaSauceDemo" time="10.733"/>
  <system-out/>
</testsuite> <!-- Edit.SauceDemo.Asignacion6 -->
