<?xml version="1.0" encoding="UTF-8"?>
<!-- Generated by org.testng.reporters.JUnitReportReporter -->
<testsuite hostname="NTK2260" failures="0" tests="1" name="Edit.SauceDemo.Asignacion2" time="7.675" errors="0" timestamp="2023-01-13T17:21:35 ART" skipped="0">
  <testcase classname="Edit.SauceDemo.Asignacion2" name="loginChrome" time="7.675"/>
  <system-out/>
</testsuite> <!-- Edit.SauceDemo.Asignacion2 -->
