<?xml version="1.0" encoding="UTF-8"?>
<!-- Generated by org.testng.reporters.JUnitReportReporter -->
<testsuite hostname="NTK2260" failures="0" tests="1" name="Edit.SauceDemo.Asignacion5" time="6.318" errors="0" timestamp="2023-01-10T13:13:30 ART" skipped="0">
  <testcase classname="Edit.SauceDemo.Asignacion5" name="loginSauceDemo" time="6.318"/>
  <system-out/>
</testsuite> <!-- Edit.SauceDemo.Asignacion5 -->
